<?xml version="1.0" encoding="UTF-8"?>
<testsuite xmlns:xsi="http://www.w3.org/2001/XMLSchema-instance" xsi:noNamespaceSchemaLocation="https://maven.apache.org/surefire/maven-surefire-plugin/xsd/surefire-test-report.xsd" version="3.0.1" name="tests.PIMTests" time="447.729" tests="3" errors="0" skipped="0" failures="0">
  <properties>
[...]
</properties>
  <testcase name="testLoginAndDashboard" classname="tests.PIMTests" time="88.366"/>
  <testcase name="testCreateEmployee" classname="tests.PIMTests" time="203.058"/>
  <testcase name="testSearchEmployee" classname="tests.PIMTests" time="147.754"/>
</testsuite>